[debug] [2023-04-15T00:19:05.864Z] ----------------------------------------------------------------------
[debug] [2023-04-15T00:19:05.873Z] Command:       C:\Program Files\nodejs\node.exe C:\Users\dmitr\AppData\Roaming\npm\node_modules\firebase-tools\lib\bin\firebase.js init
[debug] [2023-04-15T00:19:05.875Z] CLI Version:   11.27.0
[debug] [2023-04-15T00:19:05.876Z] Platform:      win32
[debug] [2023-04-15T00:19:05.876Z] Node Version:  v19.8.1
[debug] [2023-04-15T00:19:05.877Z] Time:          Fri Apr 14 2023 20:19:05 GMT-0400 (Bolivia Time)
[debug] [2023-04-15T00:19:05.878Z] ----------------------------------------------------------------------
[debug] 
[debug] [2023-04-15T00:19:05.917Z] > command requires scopes: ["email","openid","https://www.googleapis.com/auth/cloudplatformprojects.readonly","https://www.googleapis.com/auth/firebase","https://www.googleapis.com/auth/cloud-platform"]
[debug] [2023-04-15T00:19:05.919Z] > authorizing via signed-in user (lezamadmitri@gmail.com)
[info] 
     ######## #### ########  ######## ########     ###     ######  ########
     ##        ##  ##     ## ##       ##     ##  ##   ##  ##       ##
     ######    ##  ########  ######   ########  #########  ######  ######
     ##        ##  ##    ##  ##       ##     ## ##     ##       ## ##
     ##       #### ##     ## ######## ########  ##     ##  ######  ########

You're about to initialize a Firebase project in this directory:

  C:\Users\dmitr\OneDrive\Documents\UWI\Info1601\website

[info] 
=== Project Setup
[info] 
[info] First, let's associate this project directory with a Firebase project.
[info] You can create multiple project aliases by running firebase use --add, 
[info] but for now we'll just set up a default project.
[info] 
[debug] [2023-04-15T00:19:30.219Z] >>> [apiv2][query] GET https://firebase.googleapis.com/v1beta1/projects pageSize=100
[debug] [2023-04-15T00:19:30.973Z] <<< [apiv2][status] GET https://firebase.googleapis.com/v1beta1/projects 200
[debug] [2023-04-15T00:19:30.973Z] <<< [apiv2][body] GET https://firebase.googleapis.com/v1beta1/projects [omitted]
[info] i  Using project carrot-byte-2023 (carrot-byte-2023) 
[info] 
=== Hosting Setup
[info] 
[info] Your public directory is the folder (relative to your project directory) that
[info] will contain Hosting assets to be uploaded with firebase deploy. If you
[info] have a build process for your assets, use your build's output directory.
[info] 
[info] i  Skipping write of public/404.html 
[debug] [2023-04-15T00:19:59.370Z] >>> [apiv2][query] GET https://www.gstatic.com/firebasejs/releases.json [none]
[debug] [2023-04-15T00:19:59.696Z] <<< [apiv2][status] GET https://www.gstatic.com/firebasejs/releases.json 200
[debug] [2023-04-15T00:19:59.697Z] <<< [apiv2][body] GET https://www.gstatic.com/firebasejs/releases.json {"current":{"version":"9.19.1","browserURL":"https://www.gstatic.com/firebasejs/9.19.1/firebase.js","packageURL":"https://www.gstatic.com/firebasejs/9.19.1/firebase.tgz"},"live":{"version":"9.19","browserURL":"https://www.gstatic.com/firebasejs/live/9.19/firebase.js","packageURL":"https://www.gstatic.com/firebasejs/live/9.19/firebase.tgz"},"components":{"analytics":"https://www.gstatic.com/firebasejs/9.19.1/firebase-analytics.js","app":"https://www.gstatic.com/firebasejs/9.19.1/firebase-app.js","app-check":"https://www.gstatic.com/firebasejs/9.19.1/firebase-app-check.js","auth":"https://www.gstatic.com/firebasejs/9.19.1/firebase-auth.js","auth/cordova":"https://www.gstatic.com/firebasejs/9.19.1/firebase-auth/cordova.js","auth/react-native":"https://www.gstatic.com/firebasejs/9.19.1/firebase-auth/react-native.js","functions":"https://www.gstatic.com/firebasejs/9.19.1/firebase-functions.js","firestore":"https://www.gstatic.com/firebasejs/9.19.1/firebase-firestore.js","firestore/lite":"https://www.gstatic.com/firebasejs/9.19.1/firebase-firestore/lite.js","installations":"https://www.gstatic.com/firebasejs/9.19.1/firebase-installations.js","storage":"https://www.gstatic.com/firebasejs/9.19.1/firebase-storage.js","performance":"https://www.gstatic.com/firebasejs/9.19.1/firebase-performance.js","remote-config":"https://www.gstatic.com/firebasejs/9.19.1/firebase-remote-config.js","messaging":"https://www.gstatic.com/firebasejs/9.19.1/firebase-messaging.js","messaging/sw":"https://www.gstatic.com/firebasejs/9.19.1/firebase-messaging/sw.js","database":"https://www.gstatic.com/firebasejs/9.19.1/firebase-database.js","firestore.memory":"https://www.gstatic.com/firebasejs/9.19.1/firebase-firestore.memory.js"}}
[info] +  Wrote public/index.html 
[info] 
[info] i  Detected a .git folder at C:\Users\dmitr\OneDrive\Documents\UWI\Info1601\website 
[info] i  Authorizing with GitHub to upload your service account to a GitHub repository's secrets store. 
[info] 
[info] Visit this URL on this device to log in:
[info] https://github.com/login/oauth/authorize?client_id=89cf50f02ac6aaed3484&state=534588808&redirect_uri=http%3A%2F%2Flocalhost%3A9005&scope=read%3Auser%20repo%20public_repo
[info] 
[info] Waiting for authentication...
[debug] [2023-04-15T00:20:01.099Z] >>> [apiv2][query] POST https://github.com/login/oauth/access_token [none]
[debug] [2023-04-15T00:20:01.100Z] >>> [apiv2][body] POST https://github.com/login/oauth/access_token [stream]
[debug] [2023-04-15T00:20:01.581Z] <<< [apiv2][status] POST https://github.com/login/oauth/access_token 200
[debug] [2023-04-15T00:20:01.581Z] <<< [apiv2][body] POST https://github.com/login/oauth/access_token {"access_token":"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","token_type":"bearer","scope":"read:user,repo"}
[debug] [2023-04-15T00:20:01.600Z] >>> [apiv2][query] GET https://api.github.com/user [none]
[debug] [2023-04-15T00:20:02.123Z] <<< [apiv2][status] GET https://api.github.com/user 200
[debug] [2023-04-15T00:20:02.124Z] <<< [apiv2][body] GET https://api.github.com/user {"login":"carrot2803","id":96326986,"node_id":"U_kgDOBb3VSg","avatar_url":"https://avatars.githubusercontent.com/u/96326986?v=4","gravatar_id":"","url":"https://api.github.com/users/carrot2803","html_url":"https://github.com/carrot2803","followers_url":"https://api.github.com/users/carrot2803/followers","following_url":"https://api.github.com/users/carrot2803/following{/other_user}","gists_url":"https://api.github.com/users/carrot2803/gists{/gist_id}","starred_url":"https://api.github.com/users/carrot2803/starred{/owner}{/repo}","subscriptions_url":"https://api.github.com/users/carrot2803/subscriptions","organizations_url":"https://api.github.com/users/carrot2803/orgs","repos_url":"https://api.github.com/users/carrot2803/repos","events_url":"https://api.github.com/users/carrot2803/events{/privacy}","received_events_url":"https://api.github.com/users/carrot2803/received_events","type":"User","site_admin":false,"name":null,"company":null,"blog":"","location":null,"email":null,"hireable":null,"bio":null,"twitter_username":null,"public_repos":4,"public_gists":0,"followers":0,"following":0,"created_at":"2021-12-18T04:56:09Z","updated_at":"2023-04-14T01:53:59Z","private_gists":1,"total_private_repos":7,"owned_private_repos":7,"disk_usage":283652,"collaborators":0,"two_factor_authentication":false,"plan":{"name":"free","space":976562499,"collaborators":0,"private_repos":10000}}
[info] 
[info] +  Success! Logged into GitHub as carrot2803 
[info] 
